<?xml version="1.0" encoding="UTF-8"?>
<!-- Generated by org.testng.reporters.JUnitReportReporter -->
<testsuite skipped="0" hostname="MAA-5CG6278HV" name="testcases.TC001LoginLogout" tests="1" failures="0" timestamp="2019-10-12T16:54:30 IST" time="14.242" errors="0">
  <testcase name="loginTestcase" time="14.242" classname="testcases.TC001LoginLogout"/>
</testsuite> <!-- testcases.TC001LoginLogout -->
